2024-12-12 18:24:45,309 - ERROR - B³¹d: Message: no such element: Unable to locate element: {"method":"css selector","selector":".result-info__header"}
  (Session info: chrome=131.0.6778.109); For documentation on this error, please visit: https://www.selenium.dev/documentation/webdriver/troubleshooting/errors#no-such-element-exception
Stacktrace:
	GetHandleVerifier [0x00007FF7C1CE6CF5+28821]
	(No symbol) [0x00007FF7C1C53880]
	(No symbol) [0x00007FF7C1AF578A]
	(No symbol) [0x00007FF7C1B491BE]
	(No symbol) [0x00007FF7C1B494AC]
	(No symbol) [0x00007FF7C1B3C52C]
	(No symbol) [0x00007FF7C1B6F33F]
	(No symbol) [0x00007FF7C1B3C3F6]
	(No symbol) [0x00007FF7C1B6F510]
	(No symbol) [0x00007FF7C1B8F412]
	(No symbol) [0x00007FF7C1B6F0A3]
	(No symbol) [0x00007FF7C1B3A778]
	(No symbol) [0x00007FF7C1B3B8E1]
	GetHandleVerifier [0x00007FF7C201FCED+3408013]
	GetHandleVerifier [0x00007FF7C203745F+3504127]
	GetHandleVerifier [0x00007FF7C202B63D+3455453]
	GetHandleVerifier [0x00007FF7C1DABDFB+835995]
	(No symbol) [0x00007FF7C1C5EB9F]
	(No symbol) [0x00007FF7C1C5A854]
	(No symbol) [0x00007FF7C1C5A9ED]
	(No symbol) [0x00007FF7C1C4A1D9]
	BaseThreadInitThunk [0x00007FFF01C4259D+29]
	RtlUserThreadStart [0x00007FFF0288AF38+40]

2024-12-12 18:24:45,557 - ERROR - B³¹d: Message: no such element: Unable to locate element: {"method":"css selector","selector":".result-info__header"}
  (Session info: chrome=131.0.6778.109); For documentation on this error, please visit: https://www.selenium.dev/documentation/webdriver/troubleshooting/errors#no-such-element-exception
Stacktrace:
	GetHandleVerifier [0x00007FF7C1CE6CF5+28821]
	(No symbol) [0x00007FF7C1C53880]
	(No symbol) [0x00007FF7C1AF578A]
	(No symbol) [0x00007FF7C1B491BE]
	(No symbol) [0x00007FF7C1B494AC]
	(No symbol) [0x00007FF7C1B3C52C]
	(No symbol) [0x00007FF7C1B6F33F]
	(No symbol) [0x00007FF7C1B3C3F6]
	(No symbol) [0x00007FF7C1B6F510]
	(No symbol) [0x00007FF7C1B8F412]
	(No symbol) [0x00007FF7C1B6F0A3]
	(No symbol) [0x00007FF7C1B3A778]
	(No symbol) [0x00007FF7C1B3B8E1]
	GetHandleVerifier [0x00007FF7C201FCED+3408013]
	GetHandleVerifier [0x00007FF7C203745F+3504127]
	GetHandleVerifier [0x00007FF7C202B63D+3455453]
	GetHandleVerifier [0x00007FF7C1DABDFB+835995]
	(No symbol) [0x00007FF7C1C5EB9F]
	(No symbol) [0x00007FF7C1C5A854]
	(No symbol) [0x00007FF7C1C5A9ED]
	(No symbol) [0x00007FF7C1C4A1D9]
	BaseThreadInitThunk [0x00007FFF01C4259D+29]
	RtlUserThreadStart [0x00007FFF0288AF38+40]

2024-12-12 18:24:45,570 - ERROR - B³¹d: Message: no such element: Unable to locate element: {"method":"css selector","selector":".result-info__header"}
  (Session info: chrome=131.0.6778.109); For documentation on this error, please visit: https://www.selenium.dev/documentation/webdriver/troubleshooting/errors#no-such-element-exception
Stacktrace:
	GetHandleVerifier [0x00007FF7C1CE6CF5+28821]
	(No symbol) [0x00007FF7C1C53880]
	(No symbol) [0x00007FF7C1AF578A]
	(No symbol) [0x00007FF7C1B491BE]
	(No symbol) [0x00007FF7C1B494AC]
	(No symbol) [0x00007FF7C1B3C52C]
	(No symbol) [0x00007FF7C1B6F33F]
	(No symbol) [0x00007FF7C1B3C3F6]
	(No symbol) [0x00007FF7C1B6F510]
	(No symbol) [0x00007FF7C1B8F412]
	(No symbol) [0x00007FF7C1B6F0A3]
	(No symbol) [0x00007FF7C1B3A778]
	(No symbol) [0x00007FF7C1B3B8E1]
	GetHandleVerifier [0x00007FF7C201FCED+3408013]
	GetHandleVerifier [0x00007FF7C203745F+3504127]
	GetHandleVerifier [0x00007FF7C202B63D+3455453]
	GetHandleVerifier [0x00007FF7C1DABDFB+835995]
	(No symbol) [0x00007FF7C1C5EB9F]
	(No symbol) [0x00007FF7C1C5A854]
	(No symbol) [0x00007FF7C1C5A9ED]
	(No symbol) [0x00007FF7C1C4A1D9]
	BaseThreadInitThunk [0x00007FFF01C4259D+29]
	RtlUserThreadStart [0x00007FFF0288AF38+40]

2024-12-12 18:24:46,530 - ERROR - B³¹d: Message: no such element: Unable to locate element: {"method":"css selector","selector":".result-info__header"}
  (Session info: chrome=131.0.6778.109); For documentation on this error, please visit: https://www.selenium.dev/documentation/webdriver/troubleshooting/errors#no-such-element-exception
Stacktrace:
	GetHandleVerifier [0x00007FF7C1CE6CF5+28821]
	(No symbol) [0x00007FF7C1C53880]
	(No symbol) [0x00007FF7C1AF578A]
	(No symbol) [0x00007FF7C1B491BE]
	(No symbol) [0x00007FF7C1B494AC]
	(No symbol) [0x00007FF7C1B3C52C]
	(No symbol) [0x00007FF7C1B6F33F]
	(No symbol) [0x00007FF7C1B3C3F6]
	(No symbol) [0x00007FF7C1B6F510]
	(No symbol) [0x00007FF7C1B8F412]
	(No symbol) [0x00007FF7C1B6F0A3]
	(No symbol) [0x00007FF7C1B3A778]
	(No symbol) [0x00007FF7C1B3B8E1]
	GetHandleVerifier [0x00007FF7C201FCED+3408013]
	GetHandleVerifier [0x00007FF7C203745F+3504127]
	GetHandleVerifier [0x00007FF7C202B63D+3455453]
	GetHandleVerifier [0x00007FF7C1DABDFB+835995]
	(No symbol) [0x00007FF7C1C5EB9F]
	(No symbol) [0x00007FF7C1C5A854]
	(No symbol) [0x00007FF7C1C5A9ED]
	(No symbol) [0x00007FF7C1C4A1D9]
	BaseThreadInitThunk [0x00007FFF01C4259D+29]
	RtlUserThreadStart [0x00007FFF0288AF38+40]

2024-12-12 18:24:46,542 - ERROR - B³¹d: Message: no such element: Unable to locate element: {"method":"css selector","selector":".result-info__header"}
  (Session info: chrome=131.0.6778.109); For documentation on this error, please visit: https://www.selenium.dev/documentation/webdriver/troubleshooting/errors#no-such-element-exception
Stacktrace:
	GetHandleVerifier [0x00007FF7C1CE6CF5+28821]
	(No symbol) [0x00007FF7C1C53880]
	(No symbol) [0x00007FF7C1AF578A]
	(No symbol) [0x00007FF7C1B491BE]
	(No symbol) [0x00007FF7C1B494AC]
	(No symbol) [0x00007FF7C1B3C52C]
	(No symbol) [0x00007FF7C1B6F33F]
	(No symbol) [0x00007FF7C1B3C3F6]
	(No symbol) [0x00007FF7C1B6F510]
	(No symbol) [0x00007FF7C1B8F412]
	(No symbol) [0x00007FF7C1B6F0A3]
	(No symbol) [0x00007FF7C1B3A778]
	(No symbol) [0x00007FF7C1B3B8E1]
	GetHandleVerifier [0x00007FF7C201FCED+3408013]
	GetHandleVerifier [0x00007FF7C203745F+3504127]
	GetHandleVerifier [0x00007FF7C202B63D+3455453]
	GetHandleVerifier [0x00007FF7C1DABDFB+835995]
	(No symbol) [0x00007FF7C1C5EB9F]
	(No symbol) [0x00007FF7C1C5A854]
	(No symbol) [0x00007FF7C1C5A9ED]
	(No symbol) [0x00007FF7C1C4A1D9]
	BaseThreadInitThunk [0x00007FFF01C4259D+29]
	RtlUserThreadStart [0x00007FFF0288AF38+40]

2024-12-12 18:24:47,604 - ERROR - B³¹d: Message: no such element: Unable to locate element: {"method":"css selector","selector":".result-info__header"}
  (Session info: chrome=131.0.6778.109); For documentation on this error, please visit: https://www.selenium.dev/documentation/webdriver/troubleshooting/errors#no-such-element-exception
Stacktrace:
	GetHandleVerifier [0x00007FF7C1CE6CF5+28821]
	(No symbol) [0x00007FF7C1C53880]
	(No symbol) [0x00007FF7C1AF578A]
	(No symbol) [0x00007FF7C1B491BE]
	(No symbol) [0x00007FF7C1B494AC]
	(No symbol) [0x00007FF7C1B3C52C]
	(No symbol) [0x00007FF7C1B6F33F]
	(No symbol) [0x00007FF7C1B3C3F6]
	(No symbol) [0x00007FF7C1B6F510]
	(No symbol) [0x00007FF7C1B8F412]
	(No symbol) [0x00007FF7C1B6F0A3]
	(No symbol) [0x00007FF7C1B3A778]
	(No symbol) [0x00007FF7C1B3B8E1]
	GetHandleVerifier [0x00007FF7C201FCED+3408013]
	GetHandleVerifier [0x00007FF7C203745F+3504127]
	GetHandleVerifier [0x00007FF7C202B63D+3455453]
	GetHandleVerifier [0x00007FF7C1DABDFB+835995]
	(No symbol) [0x00007FF7C1C5EB9F]
	(No symbol) [0x00007FF7C1C5A854]
	(No symbol) [0x00007FF7C1C5A9ED]
	(No symbol) [0x00007FF7C1C4A1D9]
	BaseThreadInitThunk [0x00007FFF01C4259D+29]
	RtlUserThreadStart [0x00007FFF0288AF38+40]

2024-12-12 18:24:47,616 - ERROR - B³¹d: Message: no such element: Unable to locate element: {"method":"css selector","selector":".result-info__header"}
  (Session info: chrome=131.0.6778.109); For documentation on this error, please visit: https://www.selenium.dev/documentation/webdriver/troubleshooting/errors#no-such-element-exception
Stacktrace:
	GetHandleVerifier [0x00007FF7C1CE6CF5+28821]
	(No symbol) [0x00007FF7C1C53880]
	(No symbol) [0x00007FF7C1AF578A]
	(No symbol) [0x00007FF7C1B491BE]
	(No symbol) [0x00007FF7C1B494AC]
	(No symbol) [0x00007FF7C1B3C52C]
	(No symbol) [0x00007FF7C1B6F33F]
	(No symbol) [0x00007FF7C1B3C3F6]
	(No symbol) [0x00007FF7C1B6F510]
	(No symbol) [0x00007FF7C1B8F412]
	(No symbol) [0x00007FF7C1B6F0A3]
	(No symbol) [0x00007FF7C1B3A778]
	(No symbol) [0x00007FF7C1B3B8E1]
	GetHandleVerifier [0x00007FF7C201FCED+3408013]
	GetHandleVerifier [0x00007FF7C203745F+3504127]
	GetHandleVerifier [0x00007FF7C202B63D+3455453]
	GetHandleVerifier [0x00007FF7C1DABDFB+835995]
	(No symbol) [0x00007FF7C1C5EB9F]
	(No symbol) [0x00007FF7C1C5A854]
	(No symbol) [0x00007FF7C1C5A9ED]
	(No symbol) [0x00007FF7C1C4A1D9]
	BaseThreadInitThunk [0x00007FFF01C4259D+29]
	RtlUserThreadStart [0x00007FFF0288AF38+40]

2024-12-12 18:24:48,791 - ERROR - B³¹d: Message: no such element: Unable to locate element: {"method":"css selector","selector":".result-info__header"}
  (Session info: chrome=131.0.6778.109); For documentation on this error, please visit: https://www.selenium.dev/documentation/webdriver/troubleshooting/errors#no-such-element-exception
Stacktrace:
	GetHandleVerifier [0x00007FF7C1CE6CF5+28821]
	(No symbol) [0x00007FF7C1C53880]
	(No symbol) [0x00007FF7C1AF578A]
	(No symbol) [0x00007FF7C1B491BE]
	(No symbol) [0x00007FF7C1B494AC]
	(No symbol) [0x00007FF7C1B3C52C]
	(No symbol) [0x00007FF7C1B6F33F]
	(No symbol) [0x00007FF7C1B3C3F6]
	(No symbol) [0x00007FF7C1B6F510]
	(No symbol) [0x00007FF7C1B8F412]
	(No symbol) [0x00007FF7C1B6F0A3]
	(No symbol) [0x00007FF7C1B3A778]
	(No symbol) [0x00007FF7C1B3B8E1]
	GetHandleVerifier [0x00007FF7C201FCED+3408013]
	GetHandleVerifier [0x00007FF7C203745F+3504127]
	GetHandleVerifier [0x00007FF7C202B63D+3455453]
	GetHandleVerifier [0x00007FF7C1DABDFB+835995]
	(No symbol) [0x00007FF7C1C5EB9F]
	(No symbol) [0x00007FF7C1C5A854]
	(No symbol) [0x00007FF7C1C5A9ED]
	(No symbol) [0x00007FF7C1C4A1D9]
	BaseThreadInitThunk [0x00007FFF01C4259D+29]
	RtlUserThreadStart [0x00007FFF0288AF38+40]

2024-12-12 18:24:48,803 - ERROR - B³¹d: Message: no such element: Unable to locate element: {"method":"css selector","selector":".result-info__header"}
  (Session info: chrome=131.0.6778.109); For documentation on this error, please visit: https://www.selenium.dev/documentation/webdriver/troubleshooting/errors#no-such-element-exception
Stacktrace:
	GetHandleVerifier [0x00007FF7C1CE6CF5+28821]
	(No symbol) [0x00007FF7C1C53880]
	(No symbol) [0x00007FF7C1AF578A]
	(No symbol) [0x00007FF7C1B491BE]
	(No symbol) [0x00007FF7C1B494AC]
	(No symbol) [0x00007FF7C1B3C52C]
	(No symbol) [0x00007FF7C1B6F33F]
	(No symbol) [0x00007FF7C1B3C3F6]
	(No symbol) [0x00007FF7C1B6F510]
	(No symbol) [0x00007FF7C1B8F412]
	(No symbol) [0x00007FF7C1B6F0A3]
	(No symbol) [0x00007FF7C1B3A778]
	(No symbol) [0x00007FF7C1B3B8E1]
	GetHandleVerifier [0x00007FF7C201FCED+3408013]
	GetHandleVerifier [0x00007FF7C203745F+3504127]
	GetHandleVerifier [0x00007FF7C202B63D+3455453]
	GetHandleVerifier [0x00007FF7C1DABDFB+835995]
	(No symbol) [0x00007FF7C1C5EB9F]
	(No symbol) [0x00007FF7C1C5A854]
	(No symbol) [0x00007FF7C1C5A9ED]
	(No symbol) [0x00007FF7C1C4A1D9]
	BaseThreadInitThunk [0x00007FFF01C4259D+29]
	RtlUserThreadStart [0x00007FFF0288AF38+40]

2024-12-12 18:24:49,893 - ERROR - B³¹d: Message: no such element: Unable to locate element: {"method":"css selector","selector":".result-info__header"}
  (Session info: chrome=131.0.6778.109); For documentation on this error, please visit: https://www.selenium.dev/documentation/webdriver/troubleshooting/errors#no-such-element-exception
Stacktrace:
	GetHandleVerifier [0x00007FF7C1CE6CF5+28821]
	(No symbol) [0x00007FF7C1C53880]
	(No symbol) [0x00007FF7C1AF578A]
	(No symbol) [0x00007FF7C1B491BE]
	(No symbol) [0x00007FF7C1B494AC]
	(No symbol) [0x00007FF7C1B3C52C]
	(No symbol) [0x00007FF7C1B6F33F]
	(No symbol) [0x00007FF7C1B3C3F6]
	(No symbol) [0x00007FF7C1B6F510]
	(No symbol) [0x00007FF7C1B8F412]
	(No symbol) [0x00007FF7C1B6F0A3]
	(No symbol) [0x00007FF7C1B3A778]
	(No symbol) [0x00007FF7C1B3B8E1]
	GetHandleVerifier [0x00007FF7C201FCED+3408013]
	GetHandleVerifier [0x00007FF7C203745F+3504127]
	GetHandleVerifier [0x00007FF7C202B63D+3455453]
	GetHandleVerifier [0x00007FF7C1DABDFB+835995]
	(No symbol) [0x00007FF7C1C5EB9F]
	(No symbol) [0x00007FF7C1C5A854]
	(No symbol) [0x00007FF7C1C5A9ED]
	(No symbol) [0x00007FF7C1C4A1D9]
	BaseThreadInitThunk [0x00007FFF01C4259D+29]
	RtlUserThreadStart [0x00007FFF0288AF38+40]

2024-12-12 18:24:49,903 - ERROR - B³¹d: Message: no such element: Unable to locate element: {"method":"css selector","selector":".result-info__header"}
  (Session info: chrome=131.0.6778.109); For documentation on this error, please visit: https://www.selenium.dev/documentation/webdriver/troubleshooting/errors#no-such-element-exception
Stacktrace:
	GetHandleVerifier [0x00007FF7C1CE6CF5+28821]
	(No symbol) [0x00007FF7C1C53880]
	(No symbol) [0x00007FF7C1AF578A]
	(No symbol) [0x00007FF7C1B491BE]
	(No symbol) [0x00007FF7C1B494AC]
	(No symbol) [0x00007FF7C1B3C52C]
	(No symbol) [0x00007FF7C1B6F33F]
	(No symbol) [0x00007FF7C1B3C3F6]
	(No symbol) [0x00007FF7C1B6F510]
	(No symbol) [0x00007FF7C1B8F412]
	(No symbol) [0x00007FF7C1B6F0A3]
	(No symbol) [0x00007FF7C1B3A778]
	(No symbol) [0x00007FF7C1B3B8E1]
	GetHandleVerifier [0x00007FF7C201FCED+3408013]
	GetHandleVerifier [0x00007FF7C203745F+3504127]
	GetHandleVerifier [0x00007FF7C202B63D+3455453]
	GetHandleVerifier [0x00007FF7C1DABDFB+835995]
	(No symbol) [0x00007FF7C1C5EB9F]
	(No symbol) [0x00007FF7C1C5A854]
	(No symbol) [0x00007FF7C1C5A9ED]
	(No symbol) [0x00007FF7C1C4A1D9]
	BaseThreadInitThunk [0x00007FFF01C4259D+29]
	RtlUserThreadStart [0x00007FFF0288AF38+40]

2024-12-12 18:24:51,197 - ERROR - B³¹d: Message: no such element: Unable to locate element: {"method":"css selector","selector":".result-info__header"}
  (Session info: chrome=131.0.6778.109); For documentation on this error, please visit: https://www.selenium.dev/documentation/webdriver/troubleshooting/errors#no-such-element-exception
Stacktrace:
	GetHandleVerifier [0x00007FF7C1CE6CF5+28821]
	(No symbol) [0x00007FF7C1C53880]
	(No symbol) [0x00007FF7C1AF578A]
	(No symbol) [0x00007FF7C1B491BE]
	(No symbol) [0x00007FF7C1B494AC]
	(No symbol) [0x00007FF7C1B3C52C]
	(No symbol) [0x00007FF7C1B6F33F]
	(No symbol) [0x00007FF7C1B3C3F6]
	(No symbol) [0x00007FF7C1B6F510]
	(No symbol) [0x00007FF7C1B8F412]
	(No symbol) [0x00007FF7C1B6F0A3]
	(No symbol) [0x00007FF7C1B3A778]
	(No symbol) [0x00007FF7C1B3B8E1]
	GetHandleVerifier [0x00007FF7C201FCED+3408013]
	GetHandleVerifier [0x00007FF7C203745F+3504127]
	GetHandleVerifier [0x00007FF7C202B63D+3455453]
	GetHandleVerifier [0x00007FF7C1DABDFB+835995]
	(No symbol) [0x00007FF7C1C5EB9F]
	(No symbol) [0x00007FF7C1C5A854]
	(No symbol) [0x00007FF7C1C5A9ED]
	(No symbol) [0x00007FF7C1C4A1D9]
	BaseThreadInitThunk [0x00007FFF01C4259D+29]
	RtlUserThreadStart [0x00007FFF0288AF38+40]

2024-12-12 18:24:51,208 - ERROR - B³¹d: Message: no such element: Unable to locate element: {"method":"css selector","selector":".result-info__header"}
  (Session info: chrome=131.0.6778.109); For documentation on this error, please visit: https://www.selenium.dev/documentation/webdriver/troubleshooting/errors#no-such-element-exception
Stacktrace:
	GetHandleVerifier [0x00007FF7C1CE6CF5+28821]
	(No symbol) [0x00007FF7C1C53880]
	(No symbol) [0x00007FF7C1AF578A]
	(No symbol) [0x00007FF7C1B491BE]
	(No symbol) [0x00007FF7C1B494AC]
	(No symbol) [0x00007FF7C1B3C52C]
	(No symbol) [0x00007FF7C1B6F33F]
	(No symbol) [0x00007FF7C1B3C3F6]
	(No symbol) [0x00007FF7C1B6F510]
	(No symbol) [0x00007FF7C1B8F412]
	(No symbol) [0x00007FF7C1B6F0A3]
	(No symbol) [0x00007FF7C1B3A778]
	(No symbol) [0x00007FF7C1B3B8E1]
	GetHandleVerifier [0x00007FF7C201FCED+3408013]
	GetHandleVerifier [0x00007FF7C203745F+3504127]
	GetHandleVerifier [0x00007FF7C202B63D+3455453]
	GetHandleVerifier [0x00007FF7C1DABDFB+835995]
	(No symbol) [0x00007FF7C1C5EB9F]
	(No symbol) [0x00007FF7C1C5A854]
	(No symbol) [0x00007FF7C1C5A9ED]
	(No symbol) [0x00007FF7C1C4A1D9]
	BaseThreadInitThunk [0x00007FFF01C4259D+29]
	RtlUserThreadStart [0x00007FFF0288AF38+40]

2024-12-12 18:24:52,466 - ERROR - B³¹d: Message: no such element: Unable to locate element: {"method":"css selector","selector":".result-info__header"}
  (Session info: chrome=131.0.6778.109); For documentation on this error, please visit: https://www.selenium.dev/documentation/webdriver/troubleshooting/errors#no-such-element-exception
Stacktrace:
	GetHandleVerifier [0x00007FF7C1CE6CF5+28821]
	(No symbol) [0x00007FF7C1C53880]
	(No symbol) [0x00007FF7C1AF578A]
	(No symbol) [0x00007FF7C1B491BE]
	(No symbol) [0x00007FF7C1B494AC]
	(No symbol) [0x00007FF7C1B3C52C]
	(No symbol) [0x00007FF7C1B6F33F]
	(No symbol) [0x00007FF7C1B3C3F6]
	(No symbol) [0x00007FF7C1B6F510]
	(No symbol) [0x00007FF7C1B8F412]
	(No symbol) [0x00007FF7C1B6F0A3]
	(No symbol) [0x00007FF7C1B3A778]
	(No symbol) [0x00007FF7C1B3B8E1]
	GetHandleVerifier [0x00007FF7C201FCED+3408013]
	GetHandleVerifier [0x00007FF7C203745F+3504127]
	GetHandleVerifier [0x00007FF7C202B63D+3455453]
	GetHandleVerifier [0x00007FF7C1DABDFB+835995]
	(No symbol) [0x00007FF7C1C5EB9F]
	(No symbol) [0x00007FF7C1C5A854]
	(No symbol) [0x00007FF7C1C5A9ED]
	(No symbol) [0x00007FF7C1C4A1D9]
	BaseThreadInitThunk [0x00007FFF01C4259D+29]
	RtlUserThreadStart [0x00007FFF0288AF38+40]

2024-12-12 18:24:52,477 - ERROR - B³¹d: Message: no such element: Unable to locate element: {"method":"css selector","selector":".result-info__header"}
  (Session info: chrome=131.0.6778.109); For documentation on this error, please visit: https://www.selenium.dev/documentation/webdriver/troubleshooting/errors#no-such-element-exception
Stacktrace:
	GetHandleVerifier [0x00007FF7C1CE6CF5+28821]
	(No symbol) [0x00007FF7C1C53880]
	(No symbol) [0x00007FF7C1AF578A]
	(No symbol) [0x00007FF7C1B491BE]
	(No symbol) [0x00007FF7C1B494AC]
	(No symbol) [0x00007FF7C1B3C52C]
	(No symbol) [0x00007FF7C1B6F33F]
	(No symbol) [0x00007FF7C1B3C3F6]
	(No symbol) [0x00007FF7C1B6F510]
	(No symbol) [0x00007FF7C1B8F412]
	(No symbol) [0x00007FF7C1B6F0A3]
	(No symbol) [0x00007FF7C1B3A778]
	(No symbol) [0x00007FF7C1B3B8E1]
	GetHandleVerifier [0x00007FF7C201FCED+3408013]
	GetHandleVerifier [0x00007FF7C203745F+3504127]
	GetHandleVerifier [0x00007FF7C202B63D+3455453]
	GetHandleVerifier [0x00007FF7C1DABDFB+835995]
	(No symbol) [0x00007FF7C1C5EB9F]
	(No symbol) [0x00007FF7C1C5A854]
	(No symbol) [0x00007FF7C1C5A9ED]
	(No symbol) [0x00007FF7C1C4A1D9]
	BaseThreadInitThunk [0x00007FFF01C4259D+29]
	RtlUserThreadStart [0x00007FFF0288AF38+40]

